
2023-11-13 01:39:48,911 - INFO - Начало работы helpers
2023-11-13 01:39:56,576 - INFO - Начало работы функции apply_function_to_list
2023-11-13 01:39:56,576 - INFO - Начало работы функции apply_function_to_list
2023-11-13 01:39:56,576 - INFO - Начало работы функции apply_function_to_list
2023-11-13 01:39:56,576 - INFO - Начало работы функции apply_function_to_list
2023-11-13 01:39:56,577 - INFO - Начало работы функции take_today_plus_arg
2023-11-13 01:39:56,577 - INFO - Начало работы функции take_today_plus_arg
2023-11-13 01:39:56,577 - INFO - Начало работы функции take_today_plus_arg
2023-11-13 01:39:56,577 - INFO - Начало работы функции take_today_plus_arg
2023-11-13 01:39:56,578 - DEBUG - Завершение работы функции take_today_plus_arg
2023-11-13 01:39:56,578 - DEBUG - Завершение работы функции take_today_plus_arg
2023-11-13 01:39:56,578 - DEBUG - Завершение работы функции take_today_plus_arg
2023-11-13 01:39:56,578 - DEBUG - Завершение работы функции take_today_plus_arg
2023-11-13 01:39:56,578 - INFO - Начало работы функции take_today_plus_arg
2023-11-13 01:39:56,578 - INFO - Начало работы функции take_today_plus_arg
2023-11-13 01:39:56,578 - INFO - Начало работы функции take_today_plus_arg
2023-11-13 01:39:56,578 - INFO - Начало работы функции take_today_plus_arg
2023-11-13 01:39:56,578 - DEBUG - Завершение работы функции take_today_plus_arg
2023-11-13 01:39:56,578 - DEBUG - Завершение работы функции take_today_plus_arg
2023-11-13 01:39:56,578 - DEBUG - Завершение работы функции take_today_plus_arg
2023-11-13 01:39:56,578 - DEBUG - Завершение работы функции take_today_plus_arg
2023-11-13 01:39:56,936 - INFO - Начало работы функции take_today_plus_arg
2023-11-13 01:39:56,936 - INFO - Начало работы функции take_today_plus_arg
2023-11-13 01:39:56,936 - INFO - Начало работы функции take_today_plus_arg
2023-11-13 01:39:56,936 - INFO - Начало работы функции take_today_plus_arg
2023-11-13 01:39:56,936 - DEBUG - Завершение работы функции take_today_plus_arg
2023-11-13 01:39:56,936 - DEBUG - Завершение работы функции take_today_plus_arg
2023-11-13 01:39:56,936 - DEBUG - Завершение работы функции take_today_plus_arg
2023-11-13 01:39:56,936 - DEBUG - Завершение работы функции take_today_plus_arg
2023-11-13 01:39:56,936 - INFO - Начало работы функции take_today_plus_arg
2023-11-13 01:39:56,936 - INFO - Начало работы функции take_today_plus_arg
2023-11-13 01:39:56,936 - INFO - Начало работы функции take_today_plus_arg
2023-11-13 01:39:56,936 - INFO - Начало работы функции take_today_plus_arg
2023-11-13 01:39:56,937 - DEBUG - Завершение работы функции take_today_plus_arg
2023-11-13 01:39:56,937 - DEBUG - Завершение работы функции take_today_plus_arg
2023-11-13 01:39:56,937 - DEBUG - Завершение работы функции take_today_plus_arg
2023-11-13 01:39:56,937 - DEBUG - Завершение работы функции take_today_plus_arg
2023-11-13 01:39:57,346 - INFO - Начало работы функции take_today_plus_arg
2023-11-13 01:39:57,346 - INFO - Начало работы функции take_today_plus_arg
2023-11-13 01:39:57,346 - INFO - Начало работы функции take_today_plus_arg
2023-11-13 01:39:57,346 - INFO - Начало работы функции take_today_plus_arg
2023-11-13 01:39:57,346 - DEBUG - Завершение работы функции take_today_plus_arg
2023-11-13 01:39:57,346 - DEBUG - Завершение работы функции take_today_plus_arg
2023-11-13 01:39:57,346 - DEBUG - Завершение работы функции take_today_plus_arg
2023-11-13 01:39:57,346 - DEBUG - Завершение работы функции take_today_plus_arg
2023-11-13 01:39:57,346 - INFO - Начало работы функции take_today_plus_arg
2023-11-13 01:39:57,346 - INFO - Начало работы функции take_today_plus_arg
2023-11-13 01:39:57,346 - INFO - Начало работы функции take_today_plus_arg
2023-11-13 01:39:57,346 - INFO - Начало работы функции take_today_plus_arg
2023-11-13 01:39:57,347 - DEBUG - Завершение работы функции take_today_plus_arg
2023-11-13 01:39:57,347 - DEBUG - Завершение работы функции take_today_plus_arg
2023-11-13 01:39:57,347 - DEBUG - Завершение работы функции take_today_plus_arg
2023-11-13 01:39:57,347 - DEBUG - Завершение работы функции take_today_plus_arg
2023-11-13 01:39:57,717 - INFO - Начало работы функции take_today_plus_arg
2023-11-13 01:39:57,717 - INFO - Начало работы функции take_today_plus_arg
2023-11-13 01:39:57,717 - INFO - Начало работы функции take_today_plus_arg
2023-11-13 01:39:57,717 - INFO - Начало работы функции take_today_plus_arg
2023-11-13 01:39:57,717 - DEBUG - Завершение работы функции take_today_plus_arg
2023-11-13 01:39:57,717 - DEBUG - Завершение работы функции take_today_plus_arg
2023-11-13 01:39:57,717 - DEBUG - Завершение работы функции take_today_plus_arg
2023-11-13 01:39:57,717 - DEBUG - Завершение работы функции take_today_plus_arg
2023-11-13 01:39:57,718 - INFO - Начало работы функции take_today_plus_arg
2023-11-13 01:39:57,718 - INFO - Начало работы функции take_today_plus_arg
2023-11-13 01:39:57,718 - INFO - Начало работы функции take_today_plus_arg
2023-11-13 01:39:57,718 - INFO - Начало работы функции take_today_plus_arg
2023-11-13 01:39:57,718 - DEBUG - Завершение работы функции take_today_plus_arg
2023-11-13 01:39:57,718 - DEBUG - Завершение работы функции take_today_plus_arg
2023-11-13 01:39:57,718 - DEBUG - Завершение работы функции take_today_plus_arg
2023-11-13 01:39:57,718 - DEBUG - Завершение работы функции take_today_plus_arg
2023-11-13 01:39:58,232 - INFO - Начало работы функции take_today_plus_arg
2023-11-13 01:39:58,232 - INFO - Начало работы функции take_today_plus_arg
2023-11-13 01:39:58,232 - INFO - Начало работы функции take_today_plus_arg
2023-11-13 01:39:58,232 - INFO - Начало работы функции take_today_plus_arg
2023-11-13 01:39:58,232 - DEBUG - Завершение работы функции take_today_plus_arg
2023-11-13 01:39:58,232 - DEBUG - Завершение работы функции take_today_plus_arg
2023-11-13 01:39:58,232 - DEBUG - Завершение работы функции take_today_plus_arg
2023-11-13 01:39:58,232 - DEBUG - Завершение работы функции take_today_plus_arg
2023-11-13 01:39:58,232 - INFO - Начало работы функции take_today_plus_arg
2023-11-13 01:39:58,232 - INFO - Начало работы функции take_today_plus_arg
2023-11-13 01:39:58,232 - INFO - Начало работы функции take_today_plus_arg
2023-11-13 01:39:58,232 - INFO - Начало работы функции take_today_plus_arg
2023-11-13 01:39:58,232 - DEBUG - Завершение работы функции take_today_plus_arg
2023-11-13 01:39:58,232 - DEBUG - Завершение работы функции take_today_plus_arg
2023-11-13 01:39:58,232 - DEBUG - Завершение работы функции take_today_plus_arg
2023-11-13 01:39:58,232 - DEBUG - Завершение работы функции take_today_plus_arg
2023-11-13 01:39:58,663 - INFO - Начало работы функции take_today_plus_arg
2023-11-13 01:39:58,663 - INFO - Начало работы функции take_today_plus_arg
2023-11-13 01:39:58,663 - INFO - Начало работы функции take_today_plus_arg
2023-11-13 01:39:58,663 - INFO - Начало работы функции take_today_plus_arg
2023-11-13 01:39:58,664 - DEBUG - Завершение работы функции take_today_plus_arg
2023-11-13 01:39:58,664 - DEBUG - Завершение работы функции take_today_plus_arg
2023-11-13 01:39:58,664 - DEBUG - Завершение работы функции take_today_plus_arg
2023-11-13 01:39:58,664 - DEBUG - Завершение работы функции take_today_plus_arg
2023-11-13 01:39:58,664 - INFO - Начало работы функции take_today_plus_arg
2023-11-13 01:39:58,664 - INFO - Начало работы функции take_today_plus_arg
2023-11-13 01:39:58,664 - INFO - Начало работы функции take_today_plus_arg
2023-11-13 01:39:58,664 - INFO - Начало работы функции take_today_plus_arg
2023-11-13 01:39:58,664 - DEBUG - Завершение работы функции take_today_plus_arg
2023-11-13 01:39:58,664 - DEBUG - Завершение работы функции take_today_plus_arg
2023-11-13 01:39:58,664 - DEBUG - Завершение работы функции take_today_plus_arg
2023-11-13 01:39:58,664 - DEBUG - Завершение работы функции take_today_plus_arg
2023-11-13 01:39:59,020 - INFO - Начало работы функции take_today_plus_arg
2023-11-13 01:39:59,020 - INFO - Начало работы функции take_today_plus_arg
2023-11-13 01:39:59,020 - INFO - Начало работы функции take_today_plus_arg
2023-11-13 01:39:59,020 - INFO - Начало работы функции take_today_plus_arg
2023-11-13 01:39:59,021 - DEBUG - Завершение работы функции take_today_plus_arg
2023-11-13 01:39:59,021 - DEBUG - Завершение работы функции take_today_plus_arg
2023-11-13 01:39:59,021 - DEBUG - Завершение работы функции take_today_plus_arg
2023-11-13 01:39:59,021 - DEBUG - Завершение работы функции take_today_plus_arg
2023-11-13 01:39:59,021 - INFO - Начало работы функции take_today_plus_arg
2023-11-13 01:39:59,021 - INFO - Начало работы функции take_today_plus_arg
2023-11-13 01:39:59,021 - INFO - Начало работы функции take_today_plus_arg
2023-11-13 01:39:59,021 - INFO - Начало работы функции take_today_plus_arg
2023-11-13 01:39:59,021 - DEBUG - Завершение работы функции take_today_plus_arg
2023-11-13 01:39:59,021 - DEBUG - Завершение работы функции take_today_plus_arg
2023-11-13 01:39:59,021 - DEBUG - Завершение работы функции take_today_plus_arg
2023-11-13 01:39:59,021 - DEBUG - Завершение работы функции take_today_plus_arg
2023-11-13 01:39:59,501 - INFO - Начало работы функции take_today_plus_arg
2023-11-13 01:39:59,501 - INFO - Начало работы функции take_today_plus_arg
2023-11-13 01:39:59,501 - INFO - Начало работы функции take_today_plus_arg
2023-11-13 01:39:59,501 - INFO - Начало работы функции take_today_plus_arg
2023-11-13 01:39:59,501 - DEBUG - Завершение работы функции take_today_plus_arg
2023-11-13 01:39:59,501 - DEBUG - Завершение работы функции take_today_plus_arg
2023-11-13 01:39:59,501 - DEBUG - Завершение работы функции take_today_plus_arg
2023-11-13 01:39:59,501 - DEBUG - Завершение работы функции take_today_plus_arg
2023-11-13 01:39:59,501 - INFO - Начало работы функции take_today_plus_arg
2023-11-13 01:39:59,501 - INFO - Начало работы функции take_today_plus_arg
2023-11-13 01:39:59,501 - INFO - Начало работы функции take_today_plus_arg
2023-11-13 01:39:59,501 - INFO - Начало работы функции take_today_plus_arg
2023-11-13 01:39:59,501 - DEBUG - Завершение работы функции take_today_plus_arg
2023-11-13 01:39:59,501 - DEBUG - Завершение работы функции take_today_plus_arg
2023-11-13 01:39:59,501 - DEBUG - Завершение работы функции take_today_plus_arg
2023-11-13 01:39:59,501 - DEBUG - Завершение работы функции take_today_plus_arg
2023-11-13 01:39:59,889 - INFO - Начало работы функции take_today_plus_arg
2023-11-13 01:39:59,889 - INFO - Начало работы функции take_today_plus_arg
2023-11-13 01:39:59,889 - INFO - Начало работы функции take_today_plus_arg
2023-11-13 01:39:59,889 - INFO - Начало работы функции take_today_plus_arg
2023-11-13 01:39:59,889 - DEBUG - Завершение работы функции take_today_plus_arg
2023-11-13 01:39:59,889 - DEBUG - Завершение работы функции take_today_plus_arg
2023-11-13 01:39:59,889 - DEBUG - Завершение работы функции take_today_plus_arg
2023-11-13 01:39:59,889 - DEBUG - Завершение работы функции take_today_plus_arg
2023-11-13 01:39:59,889 - INFO - Начало работы функции take_today_plus_arg
2023-11-13 01:39:59,889 - INFO - Начало работы функции take_today_plus_arg
2023-11-13 01:39:59,889 - INFO - Начало работы функции take_today_plus_arg
2023-11-13 01:39:59,889 - INFO - Начало работы функции take_today_plus_arg
2023-11-13 01:39:59,889 - DEBUG - Завершение работы функции take_today_plus_arg
2023-11-13 01:39:59,889 - DEBUG - Завершение работы функции take_today_plus_arg
2023-11-13 01:39:59,889 - DEBUG - Завершение работы функции take_today_plus_arg
2023-11-13 01:39:59,889 - DEBUG - Завершение работы функции take_today_plus_arg
2023-11-13 01:40:00,262 - DEBUG - Завершение работы функции apply_function_to_list
2023-11-13 01:40:00,262 - DEBUG - Завершение работы функции apply_function_to_list
2023-11-13 01:40:00,262 - DEBUG - Завершение работы функции apply_function_to_list
2023-11-13 01:40:00,262 - DEBUG - Завершение работы функции apply_function_to_list
2023-11-13 01:40:00,262 - INFO - Начало работы функции apply_function_to_list
2023-11-13 01:40:00,262 - INFO - Начало работы функции apply_function_to_list
2023-11-13 01:40:00,262 - INFO - Начало работы функции apply_function_to_list
2023-11-13 01:40:00,262 - INFO - Начало работы функции apply_function_to_list
2023-11-13 01:40:00,266 - DEBUG - Завершение работы функции apply_function_to_list
2023-11-13 01:40:00,266 - DEBUG - Завершение работы функции apply_function_to_list
2023-11-13 01:40:00,266 - DEBUG - Завершение работы функции apply_function_to_list
2023-11-13 01:40:00,266 - DEBUG - Завершение работы функции apply_function_to_list
2023-11-13 01:40:00,266 - INFO - Начало работы функции filter_by_count
2023-11-13 01:40:00,266 - INFO - Начало работы функции filter_by_count
2023-11-13 01:40:00,266 - INFO - Начало работы функции filter_by_count
2023-11-13 01:40:00,266 - INFO - Начало работы функции filter_by_count
2023-11-13 01:40:00,266 - DEBUG - Завершение работы функции apply_function_to_list
2023-11-13 01:40:00,266 - DEBUG - Завершение работы функции apply_function_to_list
2023-11-13 01:40:00,266 - DEBUG - Завершение работы функции apply_function_to_list
2023-11-13 01:40:00,266 - DEBUG - Завершение работы функции apply_function_to_list
2023-11-13 01:40:00,267 - INFO - Начало работы функции group_offers_by_warehouse
2023-11-13 01:40:00,267 - INFO - Начало работы функции group_offers_by_warehouse
2023-11-13 01:40:00,267 - INFO - Начало работы функции group_offers_by_warehouse
2023-11-13 01:40:00,267 - INFO - Начало работы функции group_offers_by_warehouse
2023-11-13 01:40:00,267 - DEBUG - Завершение работы функции group_offers_by_warehouse
2023-11-13 01:40:00,267 - DEBUG - Завершение работы функции group_offers_by_warehouse
2023-11-13 01:40:00,267 - DEBUG - Завершение работы функции group_offers_by_warehouse
2023-11-13 01:40:00,267 - DEBUG - Завершение работы функции group_offers_by_warehouse
2023-11-13 02:59:10,008 - INFO - Начало работы helpers
2023-11-13 02:59:20,371 - INFO - Начало работы функции apply_function_to_list
2023-11-13 02:59:20,371 - INFO - Начало работы функции apply_function_to_list
2023-11-13 02:59:20,371 - INFO - Начало работы функции apply_function_to_list
2023-11-13 02:59:20,371 - INFO - Начало работы функции apply_function_to_list
2023-11-13 02:59:20,371 - INFO - Начало работы функции take_today_plus_arg
2023-11-13 02:59:20,371 - INFO - Начало работы функции take_today_plus_arg
2023-11-13 02:59:20,371 - INFO - Начало работы функции take_today_plus_arg
2023-11-13 02:59:20,371 - INFO - Начало работы функции take_today_plus_arg
2023-11-13 02:59:20,372 - DEBUG - Завершение работы функции take_today_plus_arg
2023-11-13 02:59:20,372 - DEBUG - Завершение работы функции take_today_plus_arg
2023-11-13 02:59:20,372 - DEBUG - Завершение работы функции take_today_plus_arg
2023-11-13 02:59:20,372 - DEBUG - Завершение работы функции take_today_plus_arg
2023-11-13 02:59:20,372 - INFO - Начало работы функции take_today_plus_arg
2023-11-13 02:59:20,372 - INFO - Начало работы функции take_today_plus_arg
2023-11-13 02:59:20,372 - INFO - Начало работы функции take_today_plus_arg
2023-11-13 02:59:20,372 - INFO - Начало работы функции take_today_plus_arg
2023-11-13 02:59:20,372 - DEBUG - Завершение работы функции take_today_plus_arg
2023-11-13 02:59:20,372 - DEBUG - Завершение работы функции take_today_plus_arg
2023-11-13 02:59:20,372 - DEBUG - Завершение работы функции take_today_plus_arg
2023-11-13 02:59:20,372 - DEBUG - Завершение работы функции take_today_plus_arg
2023-11-13 02:59:30,397 - INFO - Начало работы функции take_today_plus_arg
2023-11-13 02:59:30,397 - INFO - Начало работы функции take_today_plus_arg
2023-11-13 02:59:30,397 - INFO - Начало работы функции take_today_plus_arg
2023-11-13 02:59:30,397 - INFO - Начало работы функции take_today_plus_arg
2023-11-13 02:59:30,397 - DEBUG - Завершение работы функции take_today_plus_arg
2023-11-13 02:59:30,397 - DEBUG - Завершение работы функции take_today_plus_arg
2023-11-13 02:59:30,397 - DEBUG - Завершение работы функции take_today_plus_arg
2023-11-13 02:59:30,397 - DEBUG - Завершение работы функции take_today_plus_arg
2023-11-13 02:59:30,397 - INFO - Начало работы функции take_today_plus_arg
2023-11-13 02:59:30,397 - INFO - Начало работы функции take_today_plus_arg
2023-11-13 02:59:30,397 - INFO - Начало работы функции take_today_plus_arg
2023-11-13 02:59:30,397 - INFO - Начало работы функции take_today_plus_arg
2023-11-13 02:59:30,397 - DEBUG - Завершение работы функции take_today_plus_arg
2023-11-13 02:59:30,397 - DEBUG - Завершение работы функции take_today_plus_arg
2023-11-13 02:59:30,397 - DEBUG - Завершение работы функции take_today_plus_arg
2023-11-13 02:59:30,397 - DEBUG - Завершение работы функции take_today_plus_arg
2023-11-13 02:59:30,801 - INFO - Начало работы функции take_today_plus_arg
2023-11-13 02:59:30,801 - INFO - Начало работы функции take_today_plus_arg
2023-11-13 02:59:30,801 - INFO - Начало работы функции take_today_plus_arg
2023-11-13 02:59:30,801 - INFO - Начало работы функции take_today_plus_arg
2023-11-13 02:59:30,801 - DEBUG - Завершение работы функции take_today_plus_arg
2023-11-13 02:59:30,801 - DEBUG - Завершение работы функции take_today_plus_arg
2023-11-13 02:59:30,801 - DEBUG - Завершение работы функции take_today_plus_arg
2023-11-13 02:59:30,801 - DEBUG - Завершение работы функции take_today_plus_arg
2023-11-13 02:59:30,801 - INFO - Начало работы функции take_today_plus_arg
2023-11-13 02:59:30,801 - INFO - Начало работы функции take_today_plus_arg
2023-11-13 02:59:30,801 - INFO - Начало работы функции take_today_plus_arg
2023-11-13 02:59:30,801 - INFO - Начало работы функции take_today_plus_arg
2023-11-13 02:59:30,801 - DEBUG - Завершение работы функции take_today_plus_arg
2023-11-13 02:59:30,801 - DEBUG - Завершение работы функции take_today_plus_arg
2023-11-13 02:59:30,801 - DEBUG - Завершение работы функции take_today_plus_arg
2023-11-13 02:59:30,801 - DEBUG - Завершение работы функции take_today_plus_arg
2023-11-13 02:59:31,132 - INFO - Начало работы функции take_today_plus_arg
2023-11-13 02:59:31,132 - INFO - Начало работы функции take_today_plus_arg
2023-11-13 02:59:31,132 - INFO - Начало работы функции take_today_plus_arg
2023-11-13 02:59:31,132 - INFO - Начало работы функции take_today_plus_arg
2023-11-13 02:59:31,133 - DEBUG - Завершение работы функции take_today_plus_arg
2023-11-13 02:59:31,133 - DEBUG - Завершение работы функции take_today_plus_arg
2023-11-13 02:59:31,133 - DEBUG - Завершение работы функции take_today_plus_arg
2023-11-13 02:59:31,133 - DEBUG - Завершение работы функции take_today_plus_arg
2023-11-13 02:59:31,133 - INFO - Начало работы функции take_today_plus_arg
2023-11-13 02:59:31,133 - INFO - Начало работы функции take_today_plus_arg
2023-11-13 02:59:31,133 - INFO - Начало работы функции take_today_plus_arg
2023-11-13 02:59:31,133 - INFO - Начало работы функции take_today_plus_arg
2023-11-13 02:59:31,133 - DEBUG - Завершение работы функции take_today_plus_arg
2023-11-13 02:59:31,133 - DEBUG - Завершение работы функции take_today_plus_arg
2023-11-13 02:59:31,133 - DEBUG - Завершение работы функции take_today_plus_arg
2023-11-13 02:59:31,133 - DEBUG - Завершение работы функции take_today_plus_arg
2023-11-13 02:59:31,540 - INFO - Начало работы функции take_today_plus_arg
2023-11-13 02:59:31,540 - INFO - Начало работы функции take_today_plus_arg
2023-11-13 02:59:31,540 - INFO - Начало работы функции take_today_plus_arg
2023-11-13 02:59:31,540 - INFO - Начало работы функции take_today_plus_arg
2023-11-13 02:59:31,540 - DEBUG - Завершение работы функции take_today_plus_arg
2023-11-13 02:59:31,540 - DEBUG - Завершение работы функции take_today_plus_arg
2023-11-13 02:59:31,540 - DEBUG - Завершение работы функции take_today_plus_arg
2023-11-13 02:59:31,540 - DEBUG - Завершение работы функции take_today_plus_arg
2023-11-13 02:59:31,540 - INFO - Начало работы функции take_today_plus_arg
2023-11-13 02:59:31,540 - INFO - Начало работы функции take_today_plus_arg
2023-11-13 02:59:31,540 - INFO - Начало работы функции take_today_plus_arg
2023-11-13 02:59:31,540 - INFO - Начало работы функции take_today_plus_arg
2023-11-13 02:59:31,540 - DEBUG - Завершение работы функции take_today_plus_arg
2023-11-13 02:59:31,540 - DEBUG - Завершение работы функции take_today_plus_arg
2023-11-13 02:59:31,540 - DEBUG - Завершение работы функции take_today_plus_arg
2023-11-13 02:59:31,540 - DEBUG - Завершение работы функции take_today_plus_arg
2023-11-13 02:59:32,257 - INFO - Начало работы функции take_today_plus_arg
2023-11-13 02:59:32,257 - INFO - Начало работы функции take_today_plus_arg
2023-11-13 02:59:32,257 - INFO - Начало работы функции take_today_plus_arg
2023-11-13 02:59:32,257 - INFO - Начало работы функции take_today_plus_arg
2023-11-13 02:59:32,257 - DEBUG - Завершение работы функции take_today_plus_arg
2023-11-13 02:59:32,257 - DEBUG - Завершение работы функции take_today_plus_arg
2023-11-13 02:59:32,257 - DEBUG - Завершение работы функции take_today_plus_arg
2023-11-13 02:59:32,257 - DEBUG - Завершение работы функции take_today_plus_arg
2023-11-13 02:59:32,257 - INFO - Начало работы функции take_today_plus_arg
2023-11-13 02:59:32,257 - INFO - Начало работы функции take_today_plus_arg
2023-11-13 02:59:32,257 - INFO - Начало работы функции take_today_plus_arg
2023-11-13 02:59:32,257 - INFO - Начало работы функции take_today_plus_arg
2023-11-13 02:59:32,258 - DEBUG - Завершение работы функции take_today_plus_arg
2023-11-13 02:59:32,258 - DEBUG - Завершение работы функции take_today_plus_arg
2023-11-13 02:59:32,258 - DEBUG - Завершение работы функции take_today_plus_arg
2023-11-13 02:59:32,258 - DEBUG - Завершение работы функции take_today_plus_arg
2023-11-13 02:59:32,623 - INFO - Начало работы функции take_today_plus_arg
2023-11-13 02:59:32,623 - INFO - Начало работы функции take_today_plus_arg
2023-11-13 02:59:32,623 - INFO - Начало работы функции take_today_plus_arg
2023-11-13 02:59:32,623 - INFO - Начало работы функции take_today_plus_arg
2023-11-13 02:59:32,623 - DEBUG - Завершение работы функции take_today_plus_arg
2023-11-13 02:59:32,623 - DEBUG - Завершение работы функции take_today_plus_arg
2023-11-13 02:59:32,623 - DEBUG - Завершение работы функции take_today_plus_arg
2023-11-13 02:59:32,623 - DEBUG - Завершение работы функции take_today_plus_arg
2023-11-13 02:59:32,623 - INFO - Начало работы функции take_today_plus_arg
2023-11-13 02:59:32,623 - INFO - Начало работы функции take_today_plus_arg
2023-11-13 02:59:32,623 - INFO - Начало работы функции take_today_plus_arg
2023-11-13 02:59:32,623 - INFO - Начало работы функции take_today_plus_arg
2023-11-13 02:59:32,623 - DEBUG - Завершение работы функции take_today_plus_arg
2023-11-13 02:59:32,623 - DEBUG - Завершение работы функции take_today_plus_arg
2023-11-13 02:59:32,623 - DEBUG - Завершение работы функции take_today_plus_arg
2023-11-13 02:59:32,623 - DEBUG - Завершение работы функции take_today_plus_arg
2023-11-13 02:59:33,333 - INFO - Начало работы функции take_today_plus_arg
2023-11-13 02:59:33,333 - INFO - Начало работы функции take_today_plus_arg
2023-11-13 02:59:33,333 - INFO - Начало работы функции take_today_plus_arg
2023-11-13 02:59:33,333 - INFO - Начало работы функции take_today_plus_arg
2023-11-13 02:59:33,334 - DEBUG - Завершение работы функции take_today_plus_arg
2023-11-13 02:59:33,334 - DEBUG - Завершение работы функции take_today_plus_arg
2023-11-13 02:59:33,334 - DEBUG - Завершение работы функции take_today_plus_arg
2023-11-13 02:59:33,334 - DEBUG - Завершение работы функции take_today_plus_arg
2023-11-13 02:59:33,334 - INFO - Начало работы функции take_today_plus_arg
2023-11-13 02:59:33,334 - INFO - Начало работы функции take_today_plus_arg
2023-11-13 02:59:33,334 - INFO - Начало работы функции take_today_plus_arg
2023-11-13 02:59:33,334 - INFO - Начало работы функции take_today_plus_arg
2023-11-13 02:59:33,334 - DEBUG - Завершение работы функции take_today_plus_arg
2023-11-13 02:59:33,334 - DEBUG - Завершение работы функции take_today_plus_arg
2023-11-13 02:59:33,334 - DEBUG - Завершение работы функции take_today_plus_arg
2023-11-13 02:59:33,334 - DEBUG - Завершение работы функции take_today_plus_arg
2023-11-13 02:59:33,695 - INFO - Начало работы функции take_today_plus_arg
2023-11-13 02:59:33,695 - INFO - Начало работы функции take_today_plus_arg
2023-11-13 02:59:33,695 - INFO - Начало работы функции take_today_plus_arg
2023-11-13 02:59:33,695 - INFO - Начало работы функции take_today_plus_arg
2023-11-13 02:59:33,695 - DEBUG - Завершение работы функции take_today_plus_arg
2023-11-13 02:59:33,695 - DEBUG - Завершение работы функции take_today_plus_arg
2023-11-13 02:59:33,695 - DEBUG - Завершение работы функции take_today_plus_arg
2023-11-13 02:59:33,695 - DEBUG - Завершение работы функции take_today_plus_arg
2023-11-13 02:59:33,696 - INFO - Начало работы функции take_today_plus_arg
2023-11-13 02:59:33,696 - INFO - Начало работы функции take_today_plus_arg
2023-11-13 02:59:33,696 - INFO - Начало работы функции take_today_plus_arg
2023-11-13 02:59:33,696 - INFO - Начало работы функции take_today_plus_arg
2023-11-13 02:59:33,696 - DEBUG - Завершение работы функции take_today_plus_arg
2023-11-13 02:59:33,696 - DEBUG - Завершение работы функции take_today_plus_arg
2023-11-13 02:59:33,696 - DEBUG - Завершение работы функции take_today_plus_arg
2023-11-13 02:59:33,696 - DEBUG - Завершение работы функции take_today_plus_arg
2023-11-13 02:59:43,704 - DEBUG - Завершение работы функции apply_function_to_list
2023-11-13 02:59:43,704 - DEBUG - Завершение работы функции apply_function_to_list
2023-11-13 02:59:43,704 - DEBUG - Завершение работы функции apply_function_to_list
2023-11-13 02:59:43,704 - DEBUG - Завершение работы функции apply_function_to_list
2023-11-13 02:59:43,704 - INFO - Начало работы функции apply_function_to_list
2023-11-13 02:59:43,704 - INFO - Начало работы функции apply_function_to_list
2023-11-13 02:59:43,704 - INFO - Начало работы функции apply_function_to_list
2023-11-13 02:59:43,704 - INFO - Начало работы функции apply_function_to_list
2023-11-13 02:59:43,709 - DEBUG - Завершение работы функции apply_function_to_list
2023-11-13 02:59:43,709 - DEBUG - Завершение работы функции apply_function_to_list
2023-11-13 02:59:43,709 - DEBUG - Завершение работы функции apply_function_to_list
2023-11-13 02:59:43,709 - DEBUG - Завершение работы функции apply_function_to_list
2023-11-13 02:59:43,710 - INFO - Начало работы функции filter_by_count
2023-11-13 02:59:43,710 - INFO - Начало работы функции filter_by_count
2023-11-13 02:59:43,710 - INFO - Начало работы функции filter_by_count
2023-11-13 02:59:43,710 - INFO - Начало работы функции filter_by_count
2023-11-13 02:59:43,710 - DEBUG - Завершение работы функции apply_function_to_list
2023-11-13 02:59:43,710 - DEBUG - Завершение работы функции apply_function_to_list
2023-11-13 02:59:43,710 - DEBUG - Завершение работы функции apply_function_to_list
2023-11-13 02:59:43,710 - DEBUG - Завершение работы функции apply_function_to_list
2023-11-13 02:59:43,710 - INFO - Начало работы функции group_offers_by_warehouse
2023-11-13 02:59:43,710 - INFO - Начало работы функции group_offers_by_warehouse
2023-11-13 02:59:43,710 - INFO - Начало работы функции group_offers_by_warehouse
2023-11-13 02:59:43,710 - INFO - Начало работы функции group_offers_by_warehouse
2023-11-13 02:59:43,711 - DEBUG - Завершение работы функции group_offers_by_warehouse
2023-11-13 02:59:43,711 - DEBUG - Завершение работы функции group_offers_by_warehouse
2023-11-13 02:59:43,711 - DEBUG - Завершение работы функции group_offers_by_warehouse
2023-11-13 02:59:43,711 - DEBUG - Завершение работы функции group_offers_by_warehouse
