
2023-11-13 01:39:49,008 - INFO - Начало работы yandex api module
2023-11-13 01:39:49,008 - INFO - Начало работы yandex api module
2023-11-13 01:39:55,787 - INFO - Начало работы функции take_orders
2023-11-13 01:39:55,787 - INFO - Начало работы функции take_orders
2023-11-13 01:39:55,787 - INFO - Начало работы функции take_orders
2023-11-13 01:39:55,787 - INFO - Начало работы функции take_orders
2023-11-13 01:39:55,787 - INFO - Начало работы функции get_warehouses
2023-11-13 01:39:55,787 - INFO - Начало работы функции get_warehouses
2023-11-13 01:39:55,787 - INFO - Начало работы функции get_warehouses
2023-11-13 01:39:55,787 - INFO - Начало работы функции get_warehouses
2023-11-13 01:39:55,787 - INFO - Начало работы функции get_warehouses_response
2023-11-13 01:39:55,787 - INFO - Начало работы функции get_warehouses_response
2023-11-13 01:39:55,787 - INFO - Начало работы функции get_warehouses_response
2023-11-13 01:39:55,787 - INFO - Начало работы функции get_warehouses_response
2023-11-13 01:39:56,572 - INFO - Функция get_warehouses_response успешно получили список складов
2023-11-13 01:39:56,572 - INFO - Функция get_warehouses_response успешно получили список складов
2023-11-13 01:39:56,572 - INFO - Функция get_warehouses_response успешно получили список складов
2023-11-13 01:39:56,572 - INFO - Функция get_warehouses_response успешно получили список складов
2023-11-13 01:39:56,572 - DEBUG - Завершение работы функции get_warehouses_list
2023-11-13 01:39:56,572 - DEBUG - Завершение работы функции get_warehouses_list
2023-11-13 01:39:56,572 - DEBUG - Завершение работы функции get_warehouses_list
2023-11-13 01:39:56,572 - DEBUG - Завершение работы функции get_warehouses_list
2023-11-13 01:39:56,576 - INFO - Начало работы функции get_warehouses_list
2023-11-13 01:39:56,576 - INFO - Начало работы функции get_warehouses_list
2023-11-13 01:39:56,576 - INFO - Начало работы функции get_warehouses_list
2023-11-13 01:39:56,576 - INFO - Начало работы функции get_warehouses_list
2023-11-13 01:39:56,576 - DEBUG - Завершение работы функции get_warehouses_list
2023-11-13 01:39:56,576 - DEBUG - Завершение работы функции get_warehouses_list
2023-11-13 01:39:56,576 - DEBUG - Завершение работы функции get_warehouses_list
2023-11-13 01:39:56,576 - DEBUG - Завершение работы функции get_warehouses_list
2023-11-13 01:39:56,576 - DEBUG - Завершение работы функции get_warehouses
2023-11-13 01:39:56,576 - DEBUG - Завершение работы функции get_warehouses
2023-11-13 01:39:56,576 - DEBUG - Завершение работы функции get_warehouses
2023-11-13 01:39:56,576 - DEBUG - Завершение работы функции get_warehouses
2023-11-13 01:39:56,577 - INFO - Начало работы функции get_orders_response
2023-11-13 01:39:56,577 - INFO - Начало работы функции get_orders_response
2023-11-13 01:39:56,577 - INFO - Начало работы функции get_orders_response
2023-11-13 01:39:56,577 - INFO - Начало работы функции get_orders_response
2023-11-13 01:39:56,933 - INFO - Успешно получили список заказов из склада 75593751
2023-11-13 01:39:56,933 - INFO - Успешно получили список заказов из склада 75593751
2023-11-13 01:39:56,933 - INFO - Успешно получили список заказов из склада 75593751
2023-11-13 01:39:56,933 - INFO - Успешно получили список заказов из склада 75593751
2023-11-13 01:39:56,933 - DEBUG - Завершение работы функции get_orders_response
2023-11-13 01:39:56,933 - DEBUG - Завершение работы функции get_orders_response
2023-11-13 01:39:56,933 - DEBUG - Завершение работы функции get_orders_response
2023-11-13 01:39:56,933 - DEBUG - Завершение работы функции get_orders_response
2023-11-13 01:39:56,935 - INFO - Начало работы функции get_orders_response
2023-11-13 01:39:56,935 - INFO - Начало работы функции get_orders_response
2023-11-13 01:39:56,935 - INFO - Начало работы функции get_orders_response
2023-11-13 01:39:56,935 - INFO - Начало работы функции get_orders_response
2023-11-13 01:39:57,342 - INFO - Успешно получили список заказов из склада 68223651
2023-11-13 01:39:57,342 - INFO - Успешно получили список заказов из склада 68223651
2023-11-13 01:39:57,342 - INFO - Успешно получили список заказов из склада 68223651
2023-11-13 01:39:57,342 - INFO - Успешно получили список заказов из склада 68223651
2023-11-13 01:39:57,343 - DEBUG - Завершение работы функции get_orders_response
2023-11-13 01:39:57,343 - DEBUG - Завершение работы функции get_orders_response
2023-11-13 01:39:57,343 - DEBUG - Завершение работы функции get_orders_response
2023-11-13 01:39:57,343 - DEBUG - Завершение работы функции get_orders_response
2023-11-13 01:39:57,345 - INFO - Начало работы функции get_orders_response
2023-11-13 01:39:57,345 - INFO - Начало работы функции get_orders_response
2023-11-13 01:39:57,345 - INFO - Начало работы функции get_orders_response
2023-11-13 01:39:57,345 - INFO - Начало работы функции get_orders_response
2023-11-13 01:39:57,714 - INFO - Успешно получили список заказов из склада 68406114
2023-11-13 01:39:57,714 - INFO - Успешно получили список заказов из склада 68406114
2023-11-13 01:39:57,714 - INFO - Успешно получили список заказов из склада 68406114
2023-11-13 01:39:57,714 - INFO - Успешно получили список заказов из склада 68406114
2023-11-13 01:39:57,714 - DEBUG - Завершение работы функции get_orders_response
2023-11-13 01:39:57,714 - DEBUG - Завершение работы функции get_orders_response
2023-11-13 01:39:57,714 - DEBUG - Завершение работы функции get_orders_response
2023-11-13 01:39:57,714 - DEBUG - Завершение работы функции get_orders_response
2023-11-13 01:39:57,717 - INFO - Начало работы функции get_orders_response
2023-11-13 01:39:57,717 - INFO - Начало работы функции get_orders_response
2023-11-13 01:39:57,717 - INFO - Начало работы функции get_orders_response
2023-11-13 01:39:57,717 - INFO - Начало работы функции get_orders_response
2023-11-13 01:39:58,228 - INFO - Успешно получили список заказов из склада 68509920
2023-11-13 01:39:58,228 - INFO - Успешно получили список заказов из склада 68509920
2023-11-13 01:39:58,228 - INFO - Успешно получили список заказов из склада 68509920
2023-11-13 01:39:58,228 - INFO - Успешно получили список заказов из склада 68509920
2023-11-13 01:39:58,228 - DEBUG - Завершение работы функции get_orders_response
2023-11-13 01:39:58,228 - DEBUG - Завершение работы функции get_orders_response
2023-11-13 01:39:58,228 - DEBUG - Завершение работы функции get_orders_response
2023-11-13 01:39:58,228 - DEBUG - Завершение работы функции get_orders_response
2023-11-13 01:39:58,231 - INFO - Начало работы функции get_orders_response
2023-11-13 01:39:58,231 - INFO - Начало работы функции get_orders_response
2023-11-13 01:39:58,231 - INFO - Начало работы функции get_orders_response
2023-11-13 01:39:58,231 - INFO - Начало работы функции get_orders_response
2023-11-13 01:39:58,658 - INFO - Успешно получили список заказов из склада 68510184
2023-11-13 01:39:58,658 - INFO - Успешно получили список заказов из склада 68510184
2023-11-13 01:39:58,658 - INFO - Успешно получили список заказов из склада 68510184
2023-11-13 01:39:58,658 - INFO - Успешно получили список заказов из склада 68510184
2023-11-13 01:39:58,660 - DEBUG - Завершение работы функции get_orders_response
2023-11-13 01:39:58,660 - DEBUG - Завершение работы функции get_orders_response
2023-11-13 01:39:58,660 - DEBUG - Завершение работы функции get_orders_response
2023-11-13 01:39:58,660 - DEBUG - Завершение работы функции get_orders_response
2023-11-13 01:39:58,663 - INFO - Начало работы функции get_orders_response
2023-11-13 01:39:58,663 - INFO - Начало работы функции get_orders_response
2023-11-13 01:39:58,663 - INFO - Начало работы функции get_orders_response
2023-11-13 01:39:58,663 - INFO - Начало работы функции get_orders_response
2023-11-13 01:39:59,018 - INFO - Успешно получили список заказов из склада 68690058
2023-11-13 01:39:59,018 - INFO - Успешно получили список заказов из склада 68690058
2023-11-13 01:39:59,018 - INFO - Успешно получили список заказов из склада 68690058
2023-11-13 01:39:59,018 - INFO - Успешно получили список заказов из склада 68690058
2023-11-13 01:39:59,018 - DEBUG - Завершение работы функции get_orders_response
2023-11-13 01:39:59,018 - DEBUG - Завершение работы функции get_orders_response
2023-11-13 01:39:59,018 - DEBUG - Завершение работы функции get_orders_response
2023-11-13 01:39:59,018 - DEBUG - Завершение работы функции get_orders_response
2023-11-13 01:39:59,020 - INFO - Начало работы функции get_orders_response
2023-11-13 01:39:59,020 - INFO - Начало работы функции get_orders_response
2023-11-13 01:39:59,020 - INFO - Начало работы функции get_orders_response
2023-11-13 01:39:59,020 - INFO - Начало работы функции get_orders_response
2023-11-13 01:39:59,498 - INFO - Успешно получили список заказов из склада 71927276
2023-11-13 01:39:59,498 - INFO - Успешно получили список заказов из склада 71927276
2023-11-13 01:39:59,498 - INFO - Успешно получили список заказов из склада 71927276
2023-11-13 01:39:59,498 - INFO - Успешно получили список заказов из склада 71927276
2023-11-13 01:39:59,498 - DEBUG - Завершение работы функции get_orders_response
2023-11-13 01:39:59,498 - DEBUG - Завершение работы функции get_orders_response
2023-11-13 01:39:59,498 - DEBUG - Завершение работы функции get_orders_response
2023-11-13 01:39:59,498 - DEBUG - Завершение работы функции get_orders_response
2023-11-13 01:39:59,501 - INFO - Начало работы функции get_orders_response
2023-11-13 01:39:59,501 - INFO - Начало работы функции get_orders_response
2023-11-13 01:39:59,501 - INFO - Начало работы функции get_orders_response
2023-11-13 01:39:59,501 - INFO - Начало работы функции get_orders_response
2023-11-13 01:39:59,888 - INFO - Успешно получили список заказов из склада 71951954
2023-11-13 01:39:59,888 - INFO - Успешно получили список заказов из склада 71951954
2023-11-13 01:39:59,888 - INFO - Успешно получили список заказов из склада 71951954
2023-11-13 01:39:59,888 - INFO - Успешно получили список заказов из склада 71951954
2023-11-13 01:39:59,888 - DEBUG - Завершение работы функции get_orders_response
2023-11-13 01:39:59,888 - DEBUG - Завершение работы функции get_orders_response
2023-11-13 01:39:59,888 - DEBUG - Завершение работы функции get_orders_response
2023-11-13 01:39:59,888 - DEBUG - Завершение работы функции get_orders_response
2023-11-13 01:39:59,889 - INFO - Начало работы функции get_orders_response
2023-11-13 01:39:59,889 - INFO - Начало работы функции get_orders_response
2023-11-13 01:39:59,889 - INFO - Начало работы функции get_orders_response
2023-11-13 01:39:59,889 - INFO - Начало работы функции get_orders_response
2023-11-13 01:40:00,260 - INFO - Успешно получили список заказов из склада 72582429
2023-11-13 01:40:00,260 - INFO - Успешно получили список заказов из склада 72582429
2023-11-13 01:40:00,260 - INFO - Успешно получили список заказов из склада 72582429
2023-11-13 01:40:00,260 - INFO - Успешно получили список заказов из склада 72582429
2023-11-13 01:40:00,260 - DEBUG - Завершение работы функции get_orders_response
2023-11-13 01:40:00,260 - DEBUG - Завершение работы функции get_orders_response
2023-11-13 01:40:00,260 - DEBUG - Завершение работы функции get_orders_response
2023-11-13 01:40:00,260 - DEBUG - Завершение работы функции get_orders_response
2023-11-13 01:40:00,262 - INFO - Начало работы функции get_orders_json
2023-11-13 01:40:00,262 - INFO - Начало работы функции get_orders_json
2023-11-13 01:40:00,262 - INFO - Начало работы функции get_orders_json
2023-11-13 01:40:00,262 - INFO - Начало работы функции get_orders_json
2023-11-13 01:40:00,262 - DEBUG - Завершение работы функции get_orders_json
2023-11-13 01:40:00,262 - DEBUG - Завершение работы функции get_orders_json
2023-11-13 01:40:00,262 - DEBUG - Завершение работы функции get_orders_json
2023-11-13 01:40:00,262 - DEBUG - Завершение работы функции get_orders_json
2023-11-13 01:40:00,262 - INFO - Начало работы функции get_orders_json
2023-11-13 01:40:00,262 - INFO - Начало работы функции get_orders_json
2023-11-13 01:40:00,262 - INFO - Начало работы функции get_orders_json
2023-11-13 01:40:00,262 - INFO - Начало работы функции get_orders_json
2023-11-13 01:40:00,262 - DEBUG - Завершение работы функции get_orders_json
2023-11-13 01:40:00,262 - DEBUG - Завершение работы функции get_orders_json
2023-11-13 01:40:00,262 - DEBUG - Завершение работы функции get_orders_json
2023-11-13 01:40:00,262 - DEBUG - Завершение работы функции get_orders_json
2023-11-13 01:40:00,263 - INFO - Начало работы функции get_orders_json
2023-11-13 01:40:00,263 - INFO - Начало работы функции get_orders_json
2023-11-13 01:40:00,263 - INFO - Начало работы функции get_orders_json
2023-11-13 01:40:00,263 - INFO - Начало работы функции get_orders_json
2023-11-13 01:40:00,263 - DEBUG - Завершение работы функции get_orders_json
2023-11-13 01:40:00,263 - DEBUG - Завершение работы функции get_orders_json
2023-11-13 01:40:00,263 - DEBUG - Завершение работы функции get_orders_json
2023-11-13 01:40:00,263 - DEBUG - Завершение работы функции get_orders_json
2023-11-13 01:40:00,263 - INFO - Начало работы функции get_orders_json
2023-11-13 01:40:00,263 - INFO - Начало работы функции get_orders_json
2023-11-13 01:40:00,263 - INFO - Начало работы функции get_orders_json
2023-11-13 01:40:00,263 - INFO - Начало работы функции get_orders_json
2023-11-13 01:40:00,263 - DEBUG - Завершение работы функции get_orders_json
2023-11-13 01:40:00,263 - DEBUG - Завершение работы функции get_orders_json
2023-11-13 01:40:00,263 - DEBUG - Завершение работы функции get_orders_json
2023-11-13 01:40:00,263 - DEBUG - Завершение работы функции get_orders_json
2023-11-13 01:40:00,264 - INFO - Начало работы функции get_orders_json
2023-11-13 01:40:00,264 - INFO - Начало работы функции get_orders_json
2023-11-13 01:40:00,264 - INFO - Начало работы функции get_orders_json
2023-11-13 01:40:00,264 - INFO - Начало работы функции get_orders_json
2023-11-13 01:40:00,264 - DEBUG - Завершение работы функции get_orders_json
2023-11-13 01:40:00,264 - DEBUG - Завершение работы функции get_orders_json
2023-11-13 01:40:00,264 - DEBUG - Завершение работы функции get_orders_json
2023-11-13 01:40:00,264 - DEBUG - Завершение работы функции get_orders_json
2023-11-13 01:40:00,264 - INFO - Начало работы функции get_orders_json
2023-11-13 01:40:00,264 - INFO - Начало работы функции get_orders_json
2023-11-13 01:40:00,264 - INFO - Начало работы функции get_orders_json
2023-11-13 01:40:00,264 - INFO - Начало работы функции get_orders_json
2023-11-13 01:40:00,264 - DEBUG - Завершение работы функции get_orders_json
2023-11-13 01:40:00,264 - DEBUG - Завершение работы функции get_orders_json
2023-11-13 01:40:00,264 - DEBUG - Завершение работы функции get_orders_json
2023-11-13 01:40:00,264 - DEBUG - Завершение работы функции get_orders_json
2023-11-13 01:40:00,265 - INFO - Начало работы функции get_orders_json
2023-11-13 01:40:00,265 - INFO - Начало работы функции get_orders_json
2023-11-13 01:40:00,265 - INFO - Начало работы функции get_orders_json
2023-11-13 01:40:00,265 - INFO - Начало работы функции get_orders_json
2023-11-13 01:40:00,265 - DEBUG - Завершение работы функции get_orders_json
2023-11-13 01:40:00,265 - DEBUG - Завершение работы функции get_orders_json
2023-11-13 01:40:00,265 - DEBUG - Завершение работы функции get_orders_json
2023-11-13 01:40:00,265 - DEBUG - Завершение работы функции get_orders_json
2023-11-13 01:40:00,265 - INFO - Начало работы функции get_orders_json
2023-11-13 01:40:00,265 - INFO - Начало работы функции get_orders_json
2023-11-13 01:40:00,265 - INFO - Начало работы функции get_orders_json
2023-11-13 01:40:00,265 - INFO - Начало работы функции get_orders_json
2023-11-13 01:40:00,265 - DEBUG - Завершение работы функции get_orders_json
2023-11-13 01:40:00,265 - DEBUG - Завершение работы функции get_orders_json
2023-11-13 01:40:00,265 - DEBUG - Завершение работы функции get_orders_json
2023-11-13 01:40:00,265 - DEBUG - Завершение работы функции get_orders_json
2023-11-13 01:40:00,265 - INFO - Начало работы функции get_orders_json
2023-11-13 01:40:00,265 - INFO - Начало работы функции get_orders_json
2023-11-13 01:40:00,265 - INFO - Начало работы функции get_orders_json
2023-11-13 01:40:00,265 - INFO - Начало работы функции get_orders_json
2023-11-13 01:40:00,265 - DEBUG - Завершение работы функции get_orders_json
2023-11-13 01:40:00,265 - DEBUG - Завершение работы функции get_orders_json
2023-11-13 01:40:00,265 - DEBUG - Завершение работы функции get_orders_json
2023-11-13 01:40:00,265 - DEBUG - Завершение работы функции get_orders_json
2023-11-13 01:40:00,266 - DEBUG - Завершение работы функции get_orders_response
2023-11-13 01:40:00,266 - DEBUG - Завершение работы функции get_orders_response
2023-11-13 01:40:00,266 - DEBUG - Завершение работы функции get_orders_response
2023-11-13 01:40:00,266 - DEBUG - Завершение работы функции get_orders_response
2023-11-13 01:40:00,266 - INFO - Начало работы функции retrieve_stock_info_from_orders
2023-11-13 01:40:00,266 - INFO - Начало работы функции retrieve_stock_info_from_orders
2023-11-13 01:40:00,266 - INFO - Начало работы функции retrieve_stock_info_from_orders
2023-11-13 01:40:00,266 - INFO - Начало работы функции retrieve_stock_info_from_orders
2023-11-13 01:40:00,267 - INFO - Начало работы функции execute_campaign_requests
2023-11-13 01:40:00,267 - INFO - Начало работы функции execute_campaign_requests
2023-11-13 01:40:00,267 - INFO - Начало работы функции execute_campaign_requests
2023-11-13 01:40:00,267 - INFO - Начало работы функции execute_campaign_requests
2023-11-13 01:40:00,267 - INFO - Начало работы функции send_request
2023-11-13 01:40:00,267 - INFO - Начало работы функции send_request
2023-11-13 01:40:00,267 - INFO - Начало работы функции send_request
2023-11-13 01:40:00,267 - INFO - Начало работы функции send_request
2023-11-13 01:40:00,566 - DEBUG - Функция get_orders_response запрос успешно выполнен для кампании 68223651
2023-11-13 01:40:00,566 - DEBUG - Функция get_orders_response запрос успешно выполнен для кампании 68223651
2023-11-13 01:40:00,566 - DEBUG - Функция get_orders_response запрос успешно выполнен для кампании 68223651
2023-11-13 01:40:00,566 - DEBUG - Функция get_orders_response запрос успешно выполнен для кампании 68223651
2023-11-13 01:40:00,568 - INFO - Начало работы функции send_request
2023-11-13 01:40:00,568 - INFO - Начало работы функции send_request
2023-11-13 01:40:00,568 - INFO - Начало работы функции send_request
2023-11-13 01:40:00,568 - INFO - Начало работы функции send_request
2023-11-13 01:40:00,909 - DEBUG - Функция get_orders_response запрос успешно выполнен для кампании 68509920
2023-11-13 01:40:00,909 - DEBUG - Функция get_orders_response запрос успешно выполнен для кампании 68509920
2023-11-13 01:40:00,909 - DEBUG - Функция get_orders_response запрос успешно выполнен для кампании 68509920
2023-11-13 01:40:00,909 - DEBUG - Функция get_orders_response запрос успешно выполнен для кампании 68509920
2023-11-13 01:40:00,913 - INFO - Начало работы функции send_request
2023-11-13 01:40:00,913 - INFO - Начало работы функции send_request
2023-11-13 01:40:00,913 - INFO - Начало работы функции send_request
2023-11-13 01:40:00,913 - INFO - Начало работы функции send_request
2023-11-13 01:40:01,257 - DEBUG - Функция get_orders_response запрос успешно выполнен для кампании 68510184
2023-11-13 01:40:01,257 - DEBUG - Функция get_orders_response запрос успешно выполнен для кампании 68510184
2023-11-13 01:40:01,257 - DEBUG - Функция get_orders_response запрос успешно выполнен для кампании 68510184
2023-11-13 01:40:01,257 - DEBUG - Функция get_orders_response запрос успешно выполнен для кампании 68510184
2023-11-13 01:40:01,259 - INFO - Начало работы функции send_request
2023-11-13 01:40:01,259 - INFO - Начало работы функции send_request
2023-11-13 01:40:01,259 - INFO - Начало работы функции send_request
2023-11-13 01:40:01,259 - INFO - Начало работы функции send_request
2023-11-13 01:40:01,655 - DEBUG - Функция get_orders_response запрос успешно выполнен для кампании 71927276
2023-11-13 01:40:01,655 - DEBUG - Функция get_orders_response запрос успешно выполнен для кампании 71927276
2023-11-13 01:40:01,655 - DEBUG - Функция get_orders_response запрос успешно выполнен для кампании 71927276
2023-11-13 01:40:01,655 - DEBUG - Функция get_orders_response запрос успешно выполнен для кампании 71927276
2023-11-13 01:40:01,656 - DEBUG - Завершение работы функции get_orders_response
2023-11-13 01:40:01,656 - DEBUG - Завершение работы функции get_orders_response
2023-11-13 01:40:01,656 - DEBUG - Завершение работы функции get_orders_response
2023-11-13 01:40:01,656 - DEBUG - Завершение работы функции get_orders_response
2023-11-13 01:40:01,656 - DEBUG - Завершение работы функции retrieve_stock_info_from_orders
2023-11-13 01:40:01,656 - DEBUG - Завершение работы функции retrieve_stock_info_from_orders
2023-11-13 01:40:01,656 - DEBUG - Завершение работы функции retrieve_stock_info_from_orders
2023-11-13 01:40:01,656 - DEBUG - Завершение работы функции retrieve_stock_info_from_orders
2023-11-13 01:40:01,656 - INFO - Начало работы функции process_stocks
2023-11-13 01:40:01,656 - INFO - Начало работы функции process_stocks
2023-11-13 01:40:01,656 - INFO - Начало работы функции process_stocks
2023-11-13 01:40:01,656 - INFO - Начало работы функции process_stocks
2023-11-13 01:40:01,657 - DEBUG - Завершение работы функции process_stocks
2023-11-13 01:40:01,657 - DEBUG - Завершение работы функции process_stocks
2023-11-13 01:40:01,657 - DEBUG - Завершение работы функции process_stocks
2023-11-13 01:40:01,657 - DEBUG - Завершение работы функции process_stocks
